<?xml version="1.0" encoding="UTF-8"?>
<!-- Generated by org.testng.reporters.JUnitReportReporter -->
<testsuite hostname="DESKTOP-A429GD0" failures="0" tests="2" name="rahulshettyacademy.SubmitOrderTest" time="97.581" errors="0" timestamp="2024-12-08T22:43:12 IST" skipped="0">
  <testcase classname="rahulshettyacademy.SubmitOrderTest" name="submitOrder" time="49.819"/>
  <testcase classname="rahulshettyacademy.SubmitOrderTest" name="submitOrder" time="47.762"/>
</testsuite> <!-- rahulshettyacademy.SubmitOrderTest -->
