<?xml version="1.0" encoding="UTF-8"?>
<!-- Generated by org.testng.reporters.JUnitReportReporter -->
<testsuite hostname="DESKTOP-A429GD0" failures="0" tests="2" name="rahulshettyacademy.ErrorValidationTest" time="128.410" errors="0" timestamp="2024-12-08T22:36:58 IST" skipped="0">
  <testcase classname="rahulshettyacademy.ErrorValidationTest" name="errorValiation" time="73.808"/>
  <testcase classname="rahulshettyacademy.ErrorValidationTest" name="productErrorValidation" time="54.602"/>
</testsuite> <!-- rahulshettyacademy.ErrorValidationTest -->
